09:37:09.638 INFO  [main]org.hibernate.jpa.internal.util.LogHelper - HHH000204: Processing PersistenceUnitInfo [name: default]
09:37:09.734 INFO  [main]org.hibernate.Version - HHH000412: Hibernate ORM core version 6.6.22.Final
09:37:09.802 INFO  [main]o.hibernate.cache.internal.RegionFactoryInitiator - HHH000026: Second-level cache disabled
09:37:10.224 INFO  [main]o.s.o.j.persistenceunit.SpringPersistenceUnitInfo - No LoadTimeWeaver setup: ignoring JPA class transformer
09:37:10.369 INFO  [main]org.hibernate.orm.connections.pooling - HHH10001005: Database info:
	Database JDBC URL [Connecting through datasource 'HikariDataSource (HikariPool-1)']
	Database driver: undefined/unknown
	Database version: 8.0.28
	Autocommit mode: undefined/unknown
	Isolation level: undefined/unknown
	Minimum pool size: undefined/unknown
	Maximum pool size: undefined/unknown
09:37:11.170 WARN  [main]org.hibernate.mapping.RootClass - HHH000038: Composite-id class does not override equals(): com.example.quiz15.entity.FillinId
09:37:11.170 WARN  [main]org.hibernate.mapping.RootClass - HHH000039: Composite-id class does not override hashCode(): com.example.quiz15.entity.FillinId
09:37:11.171 WARN  [main]org.hibernate.mapping.RootClass - HHH000038: Composite-id class does not override equals(): com.example.quiz15.entity.QuestionId
09:37:11.171 WARN  [main]org.hibernate.mapping.RootClass - HHH000039: Composite-id class does not override hashCode(): com.example.quiz15.entity.QuestionId
09:37:11.929 INFO  [main]o.h.e.t.jta.platform.internal.JtaPlatformInitiator - HHH000489: No JTA platform available (set 'hibernate.transaction.jta.platform' to enable JTA platform integration)
09:37:11.933 INFO  [main]o.s.orm.jpa.LocalContainerEntityManagerFactoryBean - Initialized JPA EntityManagerFactory for persistence unit 'default'
09:37:12.264 INFO  [main]o.s.data.jpa.repository.query.QueryEnhancerFactory - Hibernate is in classpath; If applicable, HQL parser will be used.
09:37:13.456 WARN  [main]o.s.b.a.o.j.JpaBaseConfiguration$JpaWebConfiguration - spring.jpa.open-in-view is enabled by default. Therefore, database queries may be performed during view rendering. Explicitly configure spring.jpa.open-in-view to disable this warning
09:37:13.902 INFO  [main]org.apache.coyote.http11.Http11NioProtocol - Starting ProtocolHandler ["http-nio-8080"]
09:37:13.932 INFO  [main]o.s.boot.web.embedded.tomcat.TomcatWebServer - Tomcat started on port 8080 (http) with context path '/'
09:37:13.944 INFO  [main]com.example.quiz15.Quiz15Application - Started Quiz15Application in 7.979 seconds (process running for 8.653)
09:42:54.534 WARN  [main]org.hibernate.mapping.RootClass - HHH000038: Composite-id class does not override equals(): com.example.quiz15.entity.FillinId
09:42:54.537 WARN  [main]org.hibernate.mapping.RootClass - HHH000039: Composite-id class does not override hashCode(): com.example.quiz15.entity.FillinId
09:42:54.538 WARN  [main]org.hibernate.mapping.RootClass - HHH000038: Composite-id class does not override equals(): com.example.quiz15.entity.QuestionId
09:42:54.538 WARN  [main]org.hibernate.mapping.RootClass - HHH000039: Composite-id class does not override hashCode(): com.example.quiz15.entity.QuestionId
09:42:56.851 WARN  [main]o.s.b.a.o.j.JpaBaseConfiguration$JpaWebConfiguration - spring.jpa.open-in-view is enabled by default. Therefore, database queries may be performed during view rendering. Explicitly configure spring.jpa.open-in-view to disable this warning
09:53:21.120 INFO  [background-preinit]org.hibernate.validator.internal.util.Version - HV000001: Hibernate Validator 8.0.2.Final
09:53:21.229 INFO  [main]com.example.quiz15.Quiz15Application - Starting Quiz15Application using Java 17.0.2 with PID 28556 (D:\java_project\quiz15\bin\main started by ACER in D:\java_project\quiz15)
09:53:21.232 INFO  [main]com.example.quiz15.Quiz15Application - No active profile set, falling back to 1 default profile: "default"
09:53:22.353 INFO  [main]o.s.d.r.config.RepositoryConfigurationDelegate - Bootstrapping Spring Data JPA repositories in DEFAULT mode.
09:53:22.470 INFO  [main]o.s.d.r.config.RepositoryConfigurationDelegate - Finished Spring Data repository scanning in 102 ms. Found 4 JPA repository interfaces.
09:53:23.304 INFO  [main]o.s.boot.web.embedded.tomcat.TomcatWebServer - Tomcat initialized with port 8080 (http)
09:53:23.320 INFO  [main]org.apache.coyote.http11.Http11NioProtocol - Initializing ProtocolHandler ["http-nio-8080"]
09:53:23.322 INFO  [main]org.apache.catalina.core.StandardService - Starting service [Tomcat]
09:53:23.323 INFO  [main]org.apache.catalina.core.StandardEngine - Starting Servlet engine: [Apache Tomcat/10.1.43]
09:53:23.431 INFO  [main]o.a.c.core.ContainerBase.[Tomcat].[localhost].[/] - Initializing Spring embedded WebApplicationContext
09:53:23.431 INFO  [main]o.s.b.w.s.c.ServletWebServerApplicationContext - Root WebApplicationContext: initialization completed in 2113 ms
09:53:23.634 INFO  [main]com.zaxxer.hikari.HikariDataSource - HikariPool-1 - Starting...
09:53:23.886 INFO  [main]com.zaxxer.hikari.pool.HikariPool - HikariPool-1 - Added connection com.mysql.cj.jdbc.ConnectionImpl@4fea840f
09:53:23.888 INFO  [main]com.zaxxer.hikari.HikariDataSource - HikariPool-1 - Start completed.
09:53:23.945 INFO  [main]org.hibernate.jpa.internal.util.LogHelper - HHH000204: Processing PersistenceUnitInfo [name: default]
09:53:24.018 INFO  [main]org.hibernate.Version - HHH000412: Hibernate ORM core version 6.6.22.Final
09:53:24.075 INFO  [main]o.hibernate.cache.internal.RegionFactoryInitiator - HHH000026: Second-level cache disabled
09:53:24.497 INFO  [main]o.s.o.j.persistenceunit.SpringPersistenceUnitInfo - No LoadTimeWeaver setup: ignoring JPA class transformer
09:53:24.622 INFO  [main]org.hibernate.orm.connections.pooling - HHH10001005: Database info:
	Database JDBC URL [Connecting through datasource 'HikariDataSource (HikariPool-1)']
	Database driver: undefined/unknown
	Database version: 8.0.28
	Autocommit mode: undefined/unknown
	Isolation level: undefined/unknown
	Minimum pool size: undefined/unknown
	Maximum pool size: undefined/unknown
09:53:25.125 WARN  [main]org.hibernate.mapping.RootClass - HHH000038: Composite-id class does not override equals(): com.example.quiz15.entity.FillinId
09:53:25.125 WARN  [main]org.hibernate.mapping.RootClass - HHH000039: Composite-id class does not override hashCode(): com.example.quiz15.entity.FillinId
09:53:25.126 WARN  [main]org.hibernate.mapping.RootClass - HHH000038: Composite-id class does not override equals(): com.example.quiz15.entity.QuestionId
09:53:25.126 WARN  [main]org.hibernate.mapping.RootClass - HHH000039: Composite-id class does not override hashCode(): com.example.quiz15.entity.QuestionId
09:53:25.864 INFO  [main]o.h.e.t.jta.platform.internal.JtaPlatformInitiator - HHH000489: No JTA platform available (set 'hibernate.transaction.jta.platform' to enable JTA platform integration)
09:53:25.869 INFO  [main]o.s.orm.jpa.LocalContainerEntityManagerFactoryBean - Initialized JPA EntityManagerFactory for persistence unit 'default'
09:53:26.220 INFO  [main]o.s.data.jpa.repository.query.QueryEnhancerFactory - Hibernate is in classpath; If applicable, HQL parser will be used.
09:53:27.305 WARN  [main]o.s.b.a.o.j.JpaBaseConfiguration$JpaWebConfiguration - spring.jpa.open-in-view is enabled by default. Therefore, database queries may be performed during view rendering. Explicitly configure spring.jpa.open-in-view to disable this warning
09:53:27.729 INFO  [main]org.apache.coyote.http11.Http11NioProtocol - Starting ProtocolHandler ["http-nio-8080"]
09:53:27.761 INFO  [main]o.s.boot.web.embedded.tomcat.TomcatWebServer - Tomcat started on port 8080 (http) with context path '/'
09:53:27.773 INFO  [main]com.example.quiz15.Quiz15Application - Started Quiz15Application in 7.411 seconds (process running for 8.03)
09:53:33.071 INFO  [http-nio-8080-exec-2]o.a.c.core.ContainerBase.[Tomcat].[localhost].[/] - Initializing Spring DispatcherServlet 'dispatcherServlet'
09:53:33.071 INFO  [http-nio-8080-exec-2]org.springframework.web.servlet.DispatcherServlet - Initializing Servlet 'dispatcherServlet'
09:53:33.072 INFO  [http-nio-8080-exec-2]org.springframework.web.servlet.DispatcherServlet - Completed initialization in 1 ms
09:53:45.113 ERROR [http-nio-8080-exec-4]com.example.quiz15.service.impl.QuizServiceImpl - Question Type Error!!
09:53:57.550 ERROR [http-nio-8080-exec-5]com.example.quiz15.service.impl.QuizServiceImpl - Question Type Error!!
09:54:06.549 ERROR [http-nio-8080-exec-7]com.example.quiz15.service.impl.QuizServiceImpl - Question Type Error!!
09:54:14.255 ERROR [http-nio-8080-exec-9]com.example.quiz15.service.impl.QuizServiceImpl - Question Type Error!!
09:54:31.828 WARN  [http-nio-8080-exec-10]org.hibernate.engine.jdbc.spi.SqlExceptionHelper - SQL Error: 1064, SQLState: 42000
09:54:31.830 ERROR [http-nio-8080-exec-10]org.hibernate.engine.jdbc.spi.SqlExceptionHelper - You have an error in your SQL syntax; check the manual that corresponds to your MySQL server version for the right syntax to use near 'insertinto question (quiz_id, question_id, question,  type, is_required, options' at line 1
09:54:31.837 ERROR [http-nio-8080-exec-10]com.example.quiz15.service.impl.QuizServiceImpl - JDBC exception executing SQL [insertinto question (quiz_id, question_id, question,  type, is_required, options) values (?, ?, ?, ?, ?, ?)] [You have an error in your SQL syntax; check the manual that corresponds to your MySQL server version for the right syntax to use near 'insertinto question (quiz_id, question_id, question,  type, is_required, options' at line 1] [n/a]; SQL [n/a]
10:05:40.231 INFO  [background-preinit]org.hibernate.validator.internal.util.Version - HV000001: Hibernate Validator 8.0.2.Final
10:05:40.334 INFO  [main]com.example.quiz15.Quiz15ApplicationTests - Starting Quiz15ApplicationTests using Java 17.0.2 with PID 10788 (started by ACER in D:\java_project\quiz15)
10:05:40.337 INFO  [main]com.example.quiz15.Quiz15ApplicationTests - No active profile set, falling back to 1 default profile: "default"
10:05:41.298 INFO  [main]o.s.d.r.config.RepositoryConfigurationDelegate - Bootstrapping Spring Data JPA repositories in DEFAULT mode.
10:05:41.417 INFO  [main]o.s.d.r.config.RepositoryConfigurationDelegate - Finished Spring Data repository scanning in 101 ms. Found 4 JPA repository interfaces.
10:05:41.978 INFO  [main]com.zaxxer.hikari.HikariDataSource - HikariPool-1 - Starting...
10:05:42.370 INFO  [main]com.zaxxer.hikari.pool.HikariPool - HikariPool-1 - Added connection com.mysql.cj.jdbc.ConnectionImpl@720f56e2
10:05:42.374 INFO  [main]com.zaxxer.hikari.HikariDataSource - HikariPool-1 - Start completed.
10:05:42.434 INFO  [main]org.hibernate.jpa.internal.util.LogHelper - HHH000204: Processing PersistenceUnitInfo [name: default]
10:05:42.524 INFO  [main]org.hibernate.Version - HHH000412: Hibernate ORM core version 6.6.22.Final
10:05:42.587 INFO  [main]o.hibernate.cache.internal.RegionFactoryInitiator - HHH000026: Second-level cache disabled
10:05:43.059 INFO  [main]o.s.o.j.persistenceunit.SpringPersistenceUnitInfo - No LoadTimeWeaver setup: ignoring JPA class transformer
10:05:43.233 INFO  [main]org.hibernate.orm.connections.pooling - HHH10001005: Database info:
	Database JDBC URL [Connecting through datasource 'HikariDataSource (HikariPool-1)']
	Database driver: undefined/unknown
	Database version: 8.0.28
	Autocommit mode: undefined/unknown
	Isolation level: undefined/unknown
	Minimum pool size: undefined/unknown
	Maximum pool size: undefined/unknown
10:05:43.776 WARN  [main]org.hibernate.mapping.RootClass - HHH000038: Composite-id class does not override equals(): com.example.quiz15.entity.FillinId
10:05:43.776 WARN  [main]org.hibernate.mapping.RootClass - HHH000039: Composite-id class does not override hashCode(): com.example.quiz15.entity.FillinId
10:05:43.776 WARN  [main]org.hibernate.mapping.RootClass - HHH000038: Composite-id class does not override equals(): com.example.quiz15.entity.QuestionId
10:05:43.776 WARN  [main]org.hibernate.mapping.RootClass - HHH000039: Composite-id class does not override hashCode(): com.example.quiz15.entity.QuestionId
10:05:44.708 INFO  [main]o.h.e.t.jta.platform.internal.JtaPlatformInitiator - HHH000489: No JTA platform available (set 'hibernate.transaction.jta.platform' to enable JTA platform integration)
10:05:44.716 INFO  [main]o.s.orm.jpa.LocalContainerEntityManagerFactoryBean - Initialized JPA EntityManagerFactory for persistence unit 'default'
10:05:45.082 INFO  [main]o.s.data.jpa.repository.query.QueryEnhancerFactory - Hibernate is in classpath; If applicable, HQL parser will be used.
10:05:46.508 WARN  [main]o.s.b.a.o.j.JpaBaseConfiguration$JpaWebConfiguration - spring.jpa.open-in-view is enabled by default. Therefore, database queries may be performed during view rendering. Explicitly configure spring.jpa.open-in-view to disable this warning
10:05:47.049 INFO  [main]com.example.quiz15.Quiz15ApplicationTests - Started Quiz15ApplicationTests in 7.461 seconds (process running for 12.319)
10:07:25.809 INFO  [background-preinit]org.hibernate.validator.internal.util.Version - HV000001: Hibernate Validator 8.0.2.Final
10:07:25.892 INFO  [main]com.example.quiz15.Quiz15ApplicationTests - Starting Quiz15ApplicationTests using Java 17.0.2 with PID 21016 (started by ACER in D:\java_project\quiz15)
10:07:25.895 INFO  [main]com.example.quiz15.Quiz15ApplicationTests - No active profile set, falling back to 1 default profile: "default"
10:07:26.920 INFO  [main]o.s.d.r.config.RepositoryConfigurationDelegate - Bootstrapping Spring Data JPA repositories in DEFAULT mode.
10:07:27.035 INFO  [main]o.s.d.r.config.RepositoryConfigurationDelegate - Finished Spring Data repository scanning in 99 ms. Found 4 JPA repository interfaces.
10:07:27.615 INFO  [main]com.zaxxer.hikari.HikariDataSource - HikariPool-1 - Starting...
10:07:28.000 INFO  [main]com.zaxxer.hikari.pool.HikariPool - HikariPool-1 - Added connection com.mysql.cj.jdbc.ConnectionImpl@2776fd8f
10:07:28.006 INFO  [main]com.zaxxer.hikari.HikariDataSource - HikariPool-1 - Start completed.
10:07:28.066 INFO  [main]org.hibernate.jpa.internal.util.LogHelper - HHH000204: Processing PersistenceUnitInfo [name: default]
10:07:28.164 INFO  [main]org.hibernate.Version - HHH000412: Hibernate ORM core version 6.6.22.Final
10:07:28.235 INFO  [main]o.hibernate.cache.internal.RegionFactoryInitiator - HHH000026: Second-level cache disabled
10:07:28.725 INFO  [main]o.s.o.j.persistenceunit.SpringPersistenceUnitInfo - No LoadTimeWeaver setup: ignoring JPA class transformer
10:07:28.917 INFO  [main]org.hibernate.orm.connections.pooling - HHH10001005: Database info:
	Database JDBC URL [Connecting through datasource 'HikariDataSource (HikariPool-1)']
	Database driver: undefined/unknown
	Database version: 8.0.28
	Autocommit mode: undefined/unknown
	Isolation level: undefined/unknown
	Minimum pool size: undefined/unknown
	Maximum pool size: undefined/unknown
10:07:29.508 WARN  [main]org.hibernate.mapping.RootClass - HHH000038: Composite-id class does not override equals(): com.example.quiz15.entity.FillinId
10:07:29.509 WARN  [main]org.hibernate.mapping.RootClass - HHH000039: Composite-id class does not override hashCode(): com.example.quiz15.entity.FillinId
10:07:29.509 WARN  [main]org.hibernate.mapping.RootClass - HHH000038: Composite-id class does not override equals(): com.example.quiz15.entity.QuestionId
10:07:29.509 WARN  [main]org.hibernate.mapping.RootClass - HHH000039: Composite-id class does not override hashCode(): com.example.quiz15.entity.QuestionId
10:07:30.554 INFO  [main]o.h.e.t.jta.platform.internal.JtaPlatformInitiator - HHH000489: No JTA platform available (set 'hibernate.transaction.jta.platform' to enable JTA platform integration)
10:07:30.562 INFO  [main]o.s.orm.jpa.LocalContainerEntityManagerFactoryBean - Initialized JPA EntityManagerFactory for persistence unit 'default'
10:07:30.956 INFO  [main]o.s.data.jpa.repository.query.QueryEnhancerFactory - Hibernate is in classpath; If applicable, HQL parser will be used.
10:07:32.356 WARN  [main]o.s.b.a.o.j.JpaBaseConfiguration$JpaWebConfiguration - spring.jpa.open-in-view is enabled by default. Therefore, database queries may be performed during view rendering. Explicitly configure spring.jpa.open-in-view to disable this warning
10:07:32.907 INFO  [main]com.example.quiz15.Quiz15ApplicationTests - Started Quiz15ApplicationTests in 7.785 seconds (process running for 10.01)
10:40:57.870 INFO  [background-preinit]org.hibernate.validator.internal.util.Version - HV000001: Hibernate Validator 8.0.2.Final
10:40:57.927 INFO  [main]com.example.quiz15.UserTest - Starting UserTest using Java 17.0.2 with PID 8452 (started by ACER in D:\java_project\quiz15)
10:40:57.931 INFO  [main]com.example.quiz15.UserTest - No active profile set, falling back to 1 default profile: "default"
10:40:58.965 INFO  [main]o.s.d.r.config.RepositoryConfigurationDelegate - Bootstrapping Spring Data JPA repositories in DEFAULT mode.
10:40:59.063 INFO  [main]o.s.d.r.config.RepositoryConfigurationDelegate - Finished Spring Data repository scanning in 84 ms. Found 4 JPA repository interfaces.
10:40:59.591 INFO  [main]com.zaxxer.hikari.HikariDataSource - HikariPool-1 - Starting...
10:40:59.952 INFO  [main]com.zaxxer.hikari.pool.HikariPool - HikariPool-1 - Added connection com.mysql.cj.jdbc.ConnectionImpl@147cc940
10:40:59.955 INFO  [main]com.zaxxer.hikari.HikariDataSource - HikariPool-1 - Start completed.
10:41:00.051 INFO  [main]org.hibernate.jpa.internal.util.LogHelper - HHH000204: Processing PersistenceUnitInfo [name: default]
10:41:00.135 INFO  [main]org.hibernate.Version - HHH000412: Hibernate ORM core version 6.6.22.Final
10:41:00.196 INFO  [main]o.hibernate.cache.internal.RegionFactoryInitiator - HHH000026: Second-level cache disabled
10:41:00.627 INFO  [main]o.s.o.j.persistenceunit.SpringPersistenceUnitInfo - No LoadTimeWeaver setup: ignoring JPA class transformer
10:41:00.800 INFO  [main]org.hibernate.orm.connections.pooling - HHH10001005: Database info:
	Database JDBC URL [Connecting through datasource 'HikariDataSource (HikariPool-1)']
	Database driver: undefined/unknown
	Database version: 8.0.28
	Autocommit mode: undefined/unknown
	Isolation level: undefined/unknown
	Minimum pool size: undefined/unknown
	Maximum pool size: undefined/unknown
10:41:01.301 WARN  [main]org.hibernate.mapping.RootClass - HHH000038: Composite-id class does not override equals(): com.example.quiz15.entity.FillinId
10:41:01.301 WARN  [main]org.hibernate.mapping.RootClass - HHH000039: Composite-id class does not override hashCode(): com.example.quiz15.entity.FillinId
10:41:01.303 WARN  [main]org.hibernate.mapping.RootClass - HHH000038: Composite-id class does not override equals(): com.example.quiz15.entity.QuestionId
10:41:01.303 WARN  [main]org.hibernate.mapping.RootClass - HHH000039: Composite-id class does not override hashCode(): com.example.quiz15.entity.QuestionId
10:41:02.014 INFO  [main]o.h.e.t.jta.platform.internal.JtaPlatformInitiator - HHH000489: No JTA platform available (set 'hibernate.transaction.jta.platform' to enable JTA platform integration)
10:41:02.020 INFO  [main]o.s.orm.jpa.LocalContainerEntityManagerFactoryBean - Initialized JPA EntityManagerFactory for persistence unit 'default'
10:41:02.373 INFO  [main]o.s.data.jpa.repository.query.QueryEnhancerFactory - Hibernate is in classpath; If applicable, HQL parser will be used.
10:41:03.710 WARN  [main]o.s.b.a.o.j.JpaBaseConfiguration$JpaWebConfiguration - spring.jpa.open-in-view is enabled by default. Therefore, database queries may be performed during view rendering. Explicitly configure spring.jpa.open-in-view to disable this warning
10:41:04.255 INFO  [main]com.example.quiz15.UserTest - Started UserTest in 6.979 seconds (process running for 8.54)
10:41:05.040 INFO  [SpringApplicationShutdownHook]o.s.orm.jpa.LocalContainerEntityManagerFactoryBean - Closing JPA EntityManagerFactory for persistence unit 'default'
10:41:05.043 INFO  [SpringApplicationShutdownHook]com.zaxxer.hikari.HikariDataSource - HikariPool-1 - Shutdown initiated...
10:41:05.054 INFO  [SpringApplicationShutdownHook]com.zaxxer.hikari.HikariDataSource - HikariPool-1 - Shutdown completed.
10:41:26.396 INFO  [background-preinit]org.hibernate.validator.internal.util.Version - HV000001: Hibernate Validator 8.0.2.Final
10:41:26.455 INFO  [main]com.example.quiz15.UserTest - Starting UserTest using Java 17.0.2 with PID 10788 (started by ACER in D:\java_project\quiz15)
10:41:26.456 INFO  [main]com.example.quiz15.UserTest - No active profile set, falling back to 1 default profile: "default"
10:41:27.444 INFO  [main]o.s.d.r.config.RepositoryConfigurationDelegate - Bootstrapping Spring Data JPA repositories in DEFAULT mode.
10:41:27.561 INFO  [main]o.s.d.r.config.RepositoryConfigurationDelegate - Finished Spring Data repository scanning in 96 ms. Found 4 JPA repository interfaces.
10:41:28.100 INFO  [main]com.zaxxer.hikari.HikariDataSource - HikariPool-1 - Starting...
10:41:28.438 INFO  [main]com.zaxxer.hikari.pool.HikariPool - HikariPool-1 - Added connection com.mysql.cj.jdbc.ConnectionImpl@4d4c1ba9
10:41:28.440 INFO  [main]com.zaxxer.hikari.HikariDataSource - HikariPool-1 - Start completed.
10:41:28.531 INFO  [main]org.hibernate.jpa.internal.util.LogHelper - HHH000204: Processing PersistenceUnitInfo [name: default]
10:41:28.606 INFO  [main]org.hibernate.Version - HHH000412: Hibernate ORM core version 6.6.22.Final
10:41:28.676 INFO  [main]o.hibernate.cache.internal.RegionFactoryInitiator - HHH000026: Second-level cache disabled
10:41:29.136 INFO  [main]o.s.o.j.persistenceunit.SpringPersistenceUnitInfo - No LoadTimeWeaver setup: ignoring JPA class transformer
10:41:29.299 INFO  [main]org.hibernate.orm.connections.pooling - HHH10001005: Database info:
	Database JDBC URL [Connecting through datasource 'HikariDataSource (HikariPool-1)']
	Database driver: undefined/unknown
	Database version: 8.0.28
	Autocommit mode: undefined/unknown
	Isolation level: undefined/unknown
	Minimum pool size: undefined/unknown
	Maximum pool size: undefined/unknown
10:41:29.753 WARN  [main]org.hibernate.mapping.RootClass - HHH000038: Composite-id class does not override equals(): com.example.quiz15.entity.FillinId
10:41:29.753 WARN  [main]org.hibernate.mapping.RootClass - HHH000039: Composite-id class does not override hashCode(): com.example.quiz15.entity.FillinId
10:41:29.753 WARN  [main]org.hibernate.mapping.RootClass - HHH000038: Composite-id class does not override equals(): com.example.quiz15.entity.QuestionId
10:41:29.753 WARN  [main]org.hibernate.mapping.RootClass - HHH000039: Composite-id class does not override hashCode(): com.example.quiz15.entity.QuestionId
10:41:30.497 INFO  [main]o.h.e.t.jta.platform.internal.JtaPlatformInitiator - HHH000489: No JTA platform available (set 'hibernate.transaction.jta.platform' to enable JTA platform integration)
10:41:30.503 INFO  [main]o.s.orm.jpa.LocalContainerEntityManagerFactoryBean - Initialized JPA EntityManagerFactory for persistence unit 'default'
10:41:30.859 INFO  [main]o.s.data.jpa.repository.query.QueryEnhancerFactory - Hibernate is in classpath; If applicable, HQL parser will be used.
10:41:32.314 WARN  [main]o.s.b.a.o.j.JpaBaseConfiguration$JpaWebConfiguration - spring.jpa.open-in-view is enabled by default. Therefore, database queries may be performed during view rendering. Explicitly configure spring.jpa.open-in-view to disable this warning
10:41:32.823 INFO  [main]com.example.quiz15.UserTest - Started UserTest in 7.049 seconds (process running for 8.634)
10:41:33.563 WARN  [main]org.hibernate.engine.jdbc.spi.SqlExceptionHelper - SQL Error: 1062, SQLState: 23000
10:41:33.563 ERROR [main]org.hibernate.engine.jdbc.spi.SqlExceptionHelper - Duplicate entry 'c01@CCC' for key 'user.PRIMARY'
10:41:33.612 INFO  [SpringApplicationShutdownHook]o.s.orm.jpa.LocalContainerEntityManagerFactoryBean - Closing JPA EntityManagerFactory for persistence unit 'default'
10:41:33.615 INFO  [SpringApplicationShutdownHook]com.zaxxer.hikari.HikariDataSource - HikariPool-1 - Shutdown initiated...
10:41:33.625 INFO  [SpringApplicationShutdownHook]com.zaxxer.hikari.HikariDataSource - HikariPool-1 - Shutdown completed.
10:48:52.814 INFO  [background-preinit]org.hibernate.validator.internal.util.Version - HV000001: Hibernate Validator 8.0.2.Final
10:48:52.864 INFO  [main]com.example.quiz15.UserTest - Starting UserTest using Java 17.0.2 with PID 19380 (started by ACER in D:\java_project\quiz15)
10:48:52.866 INFO  [main]com.example.quiz15.UserTest - No active profile set, falling back to 1 default profile: "default"
10:48:53.860 INFO  [main]o.s.d.r.config.RepositoryConfigurationDelegate - Bootstrapping Spring Data JPA repositories in DEFAULT mode.
10:48:54.156 INFO  [main]o.s.d.r.config.RepositoryConfigurationDelegate - Finished Spring Data repository scanning in 92 ms. Found 4 JPA repository interfaces.
10:48:54.699 INFO  [main]com.zaxxer.hikari.HikariDataSource - HikariPool-1 - Starting...
10:48:55.016 INFO  [main]com.zaxxer.hikari.pool.HikariPool - HikariPool-1 - Added connection com.mysql.cj.jdbc.ConnectionImpl@4d4c1ba9
10:48:55.018 INFO  [main]com.zaxxer.hikari.HikariDataSource - HikariPool-1 - Start completed.
10:48:55.097 INFO  [main]org.hibernate.jpa.internal.util.LogHelper - HHH000204: Processing PersistenceUnitInfo [name: default]
10:48:55.175 INFO  [main]org.hibernate.Version - HHH000412: Hibernate ORM core version 6.6.22.Final
10:48:55.234 INFO  [main]o.hibernate.cache.internal.RegionFactoryInitiator - HHH000026: Second-level cache disabled
10:48:55.670 INFO  [main]o.s.o.j.persistenceunit.SpringPersistenceUnitInfo - No LoadTimeWeaver setup: ignoring JPA class transformer
10:48:55.826 INFO  [main]org.hibernate.orm.connections.pooling - HHH10001005: Database info:
	Database JDBC URL [Connecting through datasource 'HikariDataSource (HikariPool-1)']
	Database driver: undefined/unknown
	Database version: 8.0.28
	Autocommit mode: undefined/unknown
	Isolation level: undefined/unknown
	Minimum pool size: undefined/unknown
	Maximum pool size: undefined/unknown
10:48:56.312 WARN  [main]org.hibernate.mapping.RootClass - HHH000038: Composite-id class does not override equals(): com.example.quiz15.entity.FillinId
10:48:56.312 WARN  [main]org.hibernate.mapping.RootClass - HHH000039: Composite-id class does not override hashCode(): com.example.quiz15.entity.FillinId
10:48:56.313 WARN  [main]org.hibernate.mapping.RootClass - HHH000038: Composite-id class does not override equals(): com.example.quiz15.entity.QuestionId
10:48:56.313 WARN  [main]org.hibernate.mapping.RootClass - HHH000039: Composite-id class does not override hashCode(): com.example.quiz15.entity.QuestionId
10:48:57.024 INFO  [main]o.h.e.t.jta.platform.internal.JtaPlatformInitiator - HHH000489: No JTA platform available (set 'hibernate.transaction.jta.platform' to enable JTA platform integration)
10:48:57.028 INFO  [main]o.s.orm.jpa.LocalContainerEntityManagerFactoryBean - Initialized JPA EntityManagerFactory for persistence unit 'default'
10:48:57.386 INFO  [main]o.s.data.jpa.repository.query.QueryEnhancerFactory - Hibernate is in classpath; If applicable, HQL parser will be used.
10:48:58.654 WARN  [main]o.s.b.a.o.j.JpaBaseConfiguration$JpaWebConfiguration - spring.jpa.open-in-view is enabled by default. Therefore, database queries may be performed during view rendering. Explicitly configure spring.jpa.open-in-view to disable this warning
10:48:59.173 INFO  [main]com.example.quiz15.UserTest - Started UserTest in 6.959 seconds (process running for 8.473)
10:49:00.245 INFO  [SpringApplicationShutdownHook]o.s.orm.jpa.LocalContainerEntityManagerFactoryBean - Closing JPA EntityManagerFactory for persistence unit 'default'
10:49:00.248 INFO  [SpringApplicationShutdownHook]com.zaxxer.hikari.HikariDataSource - HikariPool-1 - Shutdown initiated...
10:49:00.259 INFO  [SpringApplicationShutdownHook]com.zaxxer.hikari.HikariDataSource - HikariPool-1 - Shutdown completed.
10:55:43.701 INFO  [background-preinit]org.hibernate.validator.internal.util.Version - HV000001: Hibernate Validator 8.0.2.Final
10:55:43.755 INFO  [main]com.example.quiz15.UserTest - Starting UserTest using Java 17.0.2 with PID 26524 (started by ACER in D:\java_project\quiz15)
10:55:43.758 INFO  [main]com.example.quiz15.UserTest - No active profile set, falling back to 1 default profile: "default"
10:55:44.749 INFO  [main]o.s.d.r.config.RepositoryConfigurationDelegate - Bootstrapping Spring Data JPA repositories in DEFAULT mode.
10:55:44.854 INFO  [main]o.s.d.r.config.RepositoryConfigurationDelegate - Finished Spring Data repository scanning in 86 ms. Found 4 JPA repository interfaces.
10:55:45.355 INFO  [main]com.zaxxer.hikari.HikariDataSource - HikariPool-1 - Starting...
10:55:45.698 INFO  [main]com.zaxxer.hikari.pool.HikariPool - HikariPool-1 - Added connection com.mysql.cj.jdbc.ConnectionImpl@23e61112
10:55:45.701 INFO  [main]com.zaxxer.hikari.HikariDataSource - HikariPool-1 - Start completed.
10:55:45.766 INFO  [main]org.hibernate.jpa.internal.util.LogHelper - HHH000204: Processing PersistenceUnitInfo [name: default]
10:55:45.845 INFO  [main]org.hibernate.Version - HHH000412: Hibernate ORM core version 6.6.22.Final
10:55:45.901 INFO  [main]o.hibernate.cache.internal.RegionFactoryInitiator - HHH000026: Second-level cache disabled
10:55:46.354 INFO  [main]o.s.o.j.persistenceunit.SpringPersistenceUnitInfo - No LoadTimeWeaver setup: ignoring JPA class transformer
10:55:46.500 INFO  [main]org.hibernate.orm.connections.pooling - HHH10001005: Database info:
	Database JDBC URL [Connecting through datasource 'HikariDataSource (HikariPool-1)']
	Database driver: undefined/unknown
	Database version: 8.0.28
	Autocommit mode: undefined/unknown
	Isolation level: undefined/unknown
	Minimum pool size: undefined/unknown
	Maximum pool size: undefined/unknown
10:55:46.953 WARN  [main]org.hibernate.mapping.RootClass - HHH000038: Composite-id class does not override equals(): com.example.quiz15.entity.FillinId
10:55:46.953 WARN  [main]org.hibernate.mapping.RootClass - HHH000039: Composite-id class does not override hashCode(): com.example.quiz15.entity.FillinId
10:55:46.953 WARN  [main]org.hibernate.mapping.RootClass - HHH000038: Composite-id class does not override equals(): com.example.quiz15.entity.QuestionId
10:55:46.953 WARN  [main]org.hibernate.mapping.RootClass - HHH000039: Composite-id class does not override hashCode(): com.example.quiz15.entity.QuestionId
10:55:47.680 INFO  [main]o.h.e.t.jta.platform.internal.JtaPlatformInitiator - HHH000489: No JTA platform available (set 'hibernate.transaction.jta.platform' to enable JTA platform integration)
10:55:47.687 INFO  [main]o.s.orm.jpa.LocalContainerEntityManagerFactoryBean - Initialized JPA EntityManagerFactory for persistence unit 'default'
10:55:48.027 INFO  [main]o.s.data.jpa.repository.query.QueryEnhancerFactory - Hibernate is in classpath; If applicable, HQL parser will be used.
10:55:49.316 WARN  [main]o.s.b.a.o.j.JpaBaseConfiguration$JpaWebConfiguration - spring.jpa.open-in-view is enabled by default. Therefore, database queries may be performed during view rendering. Explicitly configure spring.jpa.open-in-view to disable this warning
10:55:50.016 INFO  [main]com.example.quiz15.UserTest - Started UserTest in 6.913 seconds (process running for 8.467)
10:55:50.817 INFO  [SpringApplicationShutdownHook]o.s.orm.jpa.LocalContainerEntityManagerFactoryBean - Closing JPA EntityManagerFactory for persistence unit 'default'
10:55:50.819 INFO  [SpringApplicationShutdownHook]com.zaxxer.hikari.HikariDataSource - HikariPool-1 - Shutdown initiated...
10:55:50.828 INFO  [SpringApplicationShutdownHook]com.zaxxer.hikari.HikariDataSource - HikariPool-1 - Shutdown completed.
10:56:28.577 INFO  [background-preinit]org.hibernate.validator.internal.util.Version - HV000001: Hibernate Validator 8.0.2.Final
10:56:28.635 INFO  [main]com.example.quiz15.UserTest - Starting UserTest using Java 17.0.2 with PID 3656 (started by ACER in D:\java_project\quiz15)
10:56:28.638 INFO  [main]com.example.quiz15.UserTest - No active profile set, falling back to 1 default profile: "default"
10:56:29.639 INFO  [main]o.s.d.r.config.RepositoryConfigurationDelegate - Bootstrapping Spring Data JPA repositories in DEFAULT mode.
10:56:29.753 INFO  [main]o.s.d.r.config.RepositoryConfigurationDelegate - Finished Spring Data repository scanning in 96 ms. Found 4 JPA repository interfaces.
10:56:30.297 INFO  [main]com.zaxxer.hikari.HikariDataSource - HikariPool-1 - Starting...
10:56:30.632 INFO  [main]com.zaxxer.hikari.pool.HikariPool - HikariPool-1 - Added connection com.mysql.cj.jdbc.ConnectionImpl@61da0413
10:56:30.634 INFO  [main]com.zaxxer.hikari.HikariDataSource - HikariPool-1 - Start completed.
10:56:30.712 INFO  [main]org.hibernate.jpa.internal.util.LogHelper - HHH000204: Processing PersistenceUnitInfo [name: default]
10:56:30.794 INFO  [main]org.hibernate.Version - HHH000412: Hibernate ORM core version 6.6.22.Final
10:56:30.857 INFO  [main]o.hibernate.cache.internal.RegionFactoryInitiator - HHH000026: Second-level cache disabled
10:56:31.310 INFO  [main]o.s.o.j.persistenceunit.SpringPersistenceUnitInfo - No LoadTimeWeaver setup: ignoring JPA class transformer
10:56:31.444 INFO  [main]org.hibernate.orm.connections.pooling - HHH10001005: Database info:
	Database JDBC URL [Connecting through datasource 'HikariDataSource (HikariPool-1)']
	Database driver: undefined/unknown
	Database version: 8.0.28
	Autocommit mode: undefined/unknown
	Isolation level: undefined/unknown
	Minimum pool size: undefined/unknown
	Maximum pool size: undefined/unknown
10:56:31.866 WARN  [main]org.hibernate.mapping.RootClass - HHH000038: Composite-id class does not override equals(): com.example.quiz15.entity.FillinId
10:56:31.866 WARN  [main]org.hibernate.mapping.RootClass - HHH000039: Composite-id class does not override hashCode(): com.example.quiz15.entity.FillinId
10:56:31.867 WARN  [main]org.hibernate.mapping.RootClass - HHH000038: Composite-id class does not override equals(): com.example.quiz15.entity.QuestionId
10:56:31.867 WARN  [main]org.hibernate.mapping.RootClass - HHH000039: Composite-id class does not override hashCode(): com.example.quiz15.entity.QuestionId
10:56:32.572 INFO  [main]o.h.e.t.jta.platform.internal.JtaPlatformInitiator - HHH000489: No JTA platform available (set 'hibernate.transaction.jta.platform' to enable JTA platform integration)
10:56:32.576 INFO  [main]o.s.orm.jpa.LocalContainerEntityManagerFactoryBean - Initialized JPA EntityManagerFactory for persistence unit 'default'
10:56:32.950 INFO  [main]o.s.data.jpa.repository.query.QueryEnhancerFactory - Hibernate is in classpath; If applicable, HQL parser will be used.
10:56:34.315 WARN  [main]o.s.b.a.o.j.JpaBaseConfiguration$JpaWebConfiguration - spring.jpa.open-in-view is enabled by default. Therefore, database queries may be performed during view rendering. Explicitly configure spring.jpa.open-in-view to disable this warning
10:56:34.812 INFO  [main]com.example.quiz15.UserTest - Started UserTest in 6.856 seconds (process running for 8.428)
10:56:35.610 INFO  [SpringApplicationShutdownHook]o.s.orm.jpa.LocalContainerEntityManagerFactoryBean - Closing JPA EntityManagerFactory for persistence unit 'default'
10:56:35.613 INFO  [SpringApplicationShutdownHook]com.zaxxer.hikari.HikariDataSource - HikariPool-1 - Shutdown initiated...
10:56:35.626 INFO  [SpringApplicationShutdownHook]com.zaxxer.hikari.HikariDataSource - HikariPool-1 - Shutdown completed.
11:30:41.271 INFO  [background-preinit]org.hibernate.validator.internal.util.Version - HV000001: Hibernate Validator 8.0.2.Final
11:30:41.321 INFO  [main]com.example.quiz15.UserTest - Starting UserTest using Java 17.0.2 with PID 25216 (started by ACER in D:\java_project\quiz15)
11:30:41.323 INFO  [main]com.example.quiz15.UserTest - No active profile set, falling back to 1 default profile: "default"
11:30:42.301 INFO  [main]o.s.d.r.config.RepositoryConfigurationDelegate - Bootstrapping Spring Data JPA repositories in DEFAULT mode.
11:30:42.397 INFO  [main]o.s.d.r.config.RepositoryConfigurationDelegate - Finished Spring Data repository scanning in 81 ms. Found 4 JPA repository interfaces.
11:30:42.929 INFO  [main]com.zaxxer.hikari.HikariDataSource - HikariPool-1 - Starting...
11:30:43.269 INFO  [main]com.zaxxer.hikari.pool.HikariPool - HikariPool-1 - Added connection com.mysql.cj.jdbc.ConnectionImpl@6b063470
11:30:43.272 INFO  [main]com.zaxxer.hikari.HikariDataSource - HikariPool-1 - Start completed.
11:30:43.340 INFO  [main]org.hibernate.jpa.internal.util.LogHelper - HHH000204: Processing PersistenceUnitInfo [name: default]
11:30:43.413 INFO  [main]org.hibernate.Version - HHH000412: Hibernate ORM core version 6.6.22.Final
11:30:43.484 INFO  [main]o.hibernate.cache.internal.RegionFactoryInitiator - HHH000026: Second-level cache disabled
11:30:43.933 INFO  [main]o.s.o.j.persistenceunit.SpringPersistenceUnitInfo - No LoadTimeWeaver setup: ignoring JPA class transformer
11:30:44.065 INFO  [main]org.hibernate.orm.connections.pooling - HHH10001005: Database info:
	Database JDBC URL [Connecting through datasource 'HikariDataSource (HikariPool-1)']
	Database driver: undefined/unknown
	Database version: 8.0.28
	Autocommit mode: undefined/unknown
	Isolation level: undefined/unknown
	Minimum pool size: undefined/unknown
	Maximum pool size: undefined/unknown
11:30:44.539 WARN  [main]org.hibernate.mapping.RootClass - HHH000038: Composite-id class does not override equals(): com.example.quiz15.entity.FillinId
11:30:44.540 WARN  [main]org.hibernate.mapping.RootClass - HHH000039: Composite-id class does not override hashCode(): com.example.quiz15.entity.FillinId
11:30:44.540 WARN  [main]org.hibernate.mapping.RootClass - HHH000038: Composite-id class does not override equals(): com.example.quiz15.entity.QuestionId
11:30:44.540 WARN  [main]org.hibernate.mapping.RootClass - HHH000039: Composite-id class does not override hashCode(): com.example.quiz15.entity.QuestionId
11:30:45.297 INFO  [main]o.h.e.t.jta.platform.internal.JtaPlatformInitiator - HHH000489: No JTA platform available (set 'hibernate.transaction.jta.platform' to enable JTA platform integration)
11:30:45.300 INFO  [main]o.s.orm.jpa.LocalContainerEntityManagerFactoryBean - Initialized JPA EntityManagerFactory for persistence unit 'default'
11:30:45.680 INFO  [main]o.s.data.jpa.repository.query.QueryEnhancerFactory - Hibernate is in classpath; If applicable, HQL parser will be used.
11:30:47.011 WARN  [main]o.s.b.a.o.j.JpaBaseConfiguration$JpaWebConfiguration - spring.jpa.open-in-view is enabled by default. Therefore, database queries may be performed during view rendering. Explicitly configure spring.jpa.open-in-view to disable this warning
11:30:47.526 INFO  [main]com.example.quiz15.UserTest - Started UserTest in 6.883 seconds (process running for 8.453)
11:30:48.327 INFO  [SpringApplicationShutdownHook]o.s.orm.jpa.LocalContainerEntityManagerFactoryBean - Closing JPA EntityManagerFactory for persistence unit 'default'
11:30:48.330 INFO  [SpringApplicationShutdownHook]com.zaxxer.hikari.HikariDataSource - HikariPool-1 - Shutdown initiated...
11:30:48.340 INFO  [SpringApplicationShutdownHook]com.zaxxer.hikari.HikariDataSource - HikariPool-1 - Shutdown completed.
11:45:47.004 INFO  [background-preinit]org.hibernate.validator.internal.util.Version - HV000001: Hibernate Validator 8.0.2.Final
11:45:47.065 INFO  [main]com.example.quiz15.UserTest - Starting UserTest using Java 17.0.2 with PID 7416 (started by ACER in D:\java_project\quiz15)
11:45:47.066 INFO  [main]com.example.quiz15.UserTest - No active profile set, falling back to 1 default profile: "default"
11:45:48.001 INFO  [main]o.s.d.r.config.RepositoryConfigurationDelegate - Bootstrapping Spring Data JPA repositories in DEFAULT mode.
11:45:48.263 INFO  [main]o.s.d.r.config.RepositoryConfigurationDelegate - Finished Spring Data repository scanning in 106 ms. Found 4 JPA repository interfaces.
11:45:48.804 INFO  [main]com.zaxxer.hikari.HikariDataSource - HikariPool-1 - Starting...
11:45:49.181 INFO  [main]com.zaxxer.hikari.pool.HikariPool - HikariPool-1 - Added connection com.mysql.cj.jdbc.ConnectionImpl@565d7d2f
11:45:49.184 INFO  [main]com.zaxxer.hikari.HikariDataSource - HikariPool-1 - Start completed.
11:45:49.240 INFO  [main]org.hibernate.jpa.internal.util.LogHelper - HHH000204: Processing PersistenceUnitInfo [name: default]
11:45:49.319 INFO  [main]org.hibernate.Version - HHH000412: Hibernate ORM core version 6.6.22.Final
11:45:49.370 INFO  [main]o.hibernate.cache.internal.RegionFactoryInitiator - HHH000026: Second-level cache disabled
11:45:49.806 INFO  [main]o.s.o.j.persistenceunit.SpringPersistenceUnitInfo - No LoadTimeWeaver setup: ignoring JPA class transformer
11:45:49.949 INFO  [main]org.hibernate.orm.connections.pooling - HHH10001005: Database info:
	Database JDBC URL [Connecting through datasource 'HikariDataSource (HikariPool-1)']
	Database driver: undefined/unknown
	Database version: 8.0.28
	Autocommit mode: undefined/unknown
	Isolation level: undefined/unknown
	Minimum pool size: undefined/unknown
	Maximum pool size: undefined/unknown
11:45:50.414 WARN  [main]org.hibernate.mapping.RootClass - HHH000038: Composite-id class does not override equals(): com.example.quiz15.entity.FillinId
11:45:50.414 WARN  [main]org.hibernate.mapping.RootClass - HHH000039: Composite-id class does not override hashCode(): com.example.quiz15.entity.FillinId
11:45:50.414 WARN  [main]org.hibernate.mapping.RootClass - HHH000038: Composite-id class does not override equals(): com.example.quiz15.entity.QuestionId
11:45:50.414 WARN  [main]org.hibernate.mapping.RootClass - HHH000039: Composite-id class does not override hashCode(): com.example.quiz15.entity.QuestionId
11:45:51.166 INFO  [main]o.h.e.t.jta.platform.internal.JtaPlatformInitiator - HHH000489: No JTA platform available (set 'hibernate.transaction.jta.platform' to enable JTA platform integration)
11:45:51.170 INFO  [main]o.s.orm.jpa.LocalContainerEntityManagerFactoryBean - Initialized JPA EntityManagerFactory for persistence unit 'default'
11:45:51.543 INFO  [main]o.s.data.jpa.repository.query.QueryEnhancerFactory - Hibernate is in classpath; If applicable, HQL parser will be used.
11:45:52.880 WARN  [main]o.s.b.a.o.j.JpaBaseConfiguration$JpaWebConfiguration - spring.jpa.open-in-view is enabled by default. Therefore, database queries may be performed during view rendering. Explicitly configure spring.jpa.open-in-view to disable this warning
11:45:53.819 INFO  [main]com.example.quiz15.UserTest - Started UserTest in 7.403 seconds (process running for 8.971)
11:45:54.652 INFO  [SpringApplicationShutdownHook]o.s.orm.jpa.LocalContainerEntityManagerFactoryBean - Closing JPA EntityManagerFactory for persistence unit 'default'
11:45:54.655 INFO  [SpringApplicationShutdownHook]com.zaxxer.hikari.HikariDataSource - HikariPool-1 - Shutdown initiated...
11:45:54.665 INFO  [SpringApplicationShutdownHook]com.zaxxer.hikari.HikariDataSource - HikariPool-1 - Shutdown completed.
11:48:35.938 INFO  [background-preinit]org.hibernate.validator.internal.util.Version - HV000001: Hibernate Validator 8.0.2.Final
11:48:35.982 INFO  [main]com.example.quiz15.UserTest - Starting UserTest using Java 17.0.2 with PID 12484 (started by ACER in D:\java_project\quiz15)
11:48:35.984 INFO  [main]com.example.quiz15.UserTest - No active profile set, falling back to 1 default profile: "default"
11:48:37.029 INFO  [main]o.s.d.r.config.RepositoryConfigurationDelegate - Bootstrapping Spring Data JPA repositories in DEFAULT mode.
11:48:37.140 INFO  [main]o.s.d.r.config.RepositoryConfigurationDelegate - Finished Spring Data repository scanning in 94 ms. Found 4 JPA repository interfaces.
11:48:37.706 INFO  [main]com.zaxxer.hikari.HikariDataSource - HikariPool-1 - Starting...
11:48:38.060 INFO  [main]com.zaxxer.hikari.pool.HikariPool - HikariPool-1 - Added connection com.mysql.cj.jdbc.ConnectionImpl@561f9d92
11:48:38.064 INFO  [main]com.zaxxer.hikari.HikariDataSource - HikariPool-1 - Start completed.
11:48:38.140 INFO  [main]org.hibernate.jpa.internal.util.LogHelper - HHH000204: Processing PersistenceUnitInfo [name: default]
11:48:38.224 INFO  [main]org.hibernate.Version - HHH000412: Hibernate ORM core version 6.6.22.Final
11:48:38.285 INFO  [main]o.hibernate.cache.internal.RegionFactoryInitiator - HHH000026: Second-level cache disabled
11:48:38.701 INFO  [main]o.s.o.j.persistenceunit.SpringPersistenceUnitInfo - No LoadTimeWeaver setup: ignoring JPA class transformer
11:48:38.857 INFO  [main]org.hibernate.orm.connections.pooling - HHH10001005: Database info:
	Database JDBC URL [Connecting through datasource 'HikariDataSource (HikariPool-1)']
	Database driver: undefined/unknown
	Database version: 8.0.28
	Autocommit mode: undefined/unknown
	Isolation level: undefined/unknown
	Minimum pool size: undefined/unknown
	Maximum pool size: undefined/unknown
11:48:39.369 WARN  [main]org.hibernate.mapping.RootClass - HHH000038: Composite-id class does not override equals(): com.example.quiz15.entity.FillinId
11:48:39.370 WARN  [main]org.hibernate.mapping.RootClass - HHH000039: Composite-id class does not override hashCode(): com.example.quiz15.entity.FillinId
11:48:39.370 WARN  [main]org.hibernate.mapping.RootClass - HHH000038: Composite-id class does not override equals(): com.example.quiz15.entity.QuestionId
11:48:39.370 WARN  [main]org.hibernate.mapping.RootClass - HHH000039: Composite-id class does not override hashCode(): com.example.quiz15.entity.QuestionId
11:48:40.070 INFO  [main]o.h.e.t.jta.platform.internal.JtaPlatformInitiator - HHH000489: No JTA platform available (set 'hibernate.transaction.jta.platform' to enable JTA platform integration)
11:48:40.073 INFO  [main]o.s.orm.jpa.LocalContainerEntityManagerFactoryBean - Initialized JPA EntityManagerFactory for persistence unit 'default'
11:48:40.493 INFO  [main]o.s.data.jpa.repository.query.QueryEnhancerFactory - Hibernate is in classpath; If applicable, HQL parser will be used.
11:48:41.798 WARN  [main]o.s.b.a.o.j.JpaBaseConfiguration$JpaWebConfiguration - spring.jpa.open-in-view is enabled by default. Therefore, database queries may be performed during view rendering. Explicitly configure spring.jpa.open-in-view to disable this warning
11:48:42.320 INFO  [main]com.example.quiz15.UserTest - Started UserTest in 7.026 seconds (process running for 8.592)
11:48:43.329 INFO  [SpringApplicationShutdownHook]o.s.orm.jpa.LocalContainerEntityManagerFactoryBean - Closing JPA EntityManagerFactory for persistence unit 'default'
11:48:43.333 INFO  [SpringApplicationShutdownHook]com.zaxxer.hikari.HikariDataSource - HikariPool-1 - Shutdown initiated...
11:48:43.344 INFO  [SpringApplicationShutdownHook]com.zaxxer.hikari.HikariDataSource - HikariPool-1 - Shutdown completed.
